\BOOKMARK [0][-]{prt.0}{PORTADA}{}% 1
\BOOKMARK [0][-]{chapter*.2}{LISTA DE SÕçBOLOS}{}% 2
\BOOKMARK [0][-]{chapter*.3}{RESUMEN}{}% 3
\BOOKMARK [0][-]{chapter*.4}{OBJETIVOS}{}% 4
\BOOKMARK [0][-]{chapter*.5}{INTRODUCCI”é}{}% 5
\BOOKMARK [0][-]{chapter.1}{1\040CONCEPTOS\040PRELIMINARES}{}% 6
\BOOKMARK [1][-]{section.1.1}{1.1\040Antecedentes}{chapter.1}% 7
\BOOKMARK [1][-]{section.1.2}{1.2 Teor·®≠„†Å‚¥¥4e grupos}{chapter.1}% 8
\BOOKMARK [1][-]{section.1.3}{1.3 Anillos, MÌ™êÌ¥Å‚¥≤4os y lgebras}{chapter.1}% 9
\BOOKMARK [0][-]{chapter.2}{2\040GRUPO-ANILLOS}{}% 10
\BOOKMARK [1][-]{section.2.1}{2.1 Hechos B»≠„êÉ‚¥≥1cos De Los Grupo-Anillos}{chapter.2}% 11
\BOOKMARK [1][-]{section.2.2}{2.2\040Ideales\040de\040aumento}{chapter.2}% 12
\BOOKMARK [1][-]{section.2.3}{2.3\040Semisimplicidad}{chapter.2}% 13
\BOOKMARK [1][-]{section.2.4}{2.4\040Grupo-Algebras\040de\040grupos\040abelianos}{chapter.2}% 14
\BOOKMARK [0][-]{chapter.3}{3 TEORÕÅ DE REPRESENTACI”é DE GRUPOS}{}% 15
\BOOKMARK [1][-]{section.3.1}{3.1 DefiniciÌ™∏Ì∏Å‚¥∑5jemplos}{chapter.3}% 16
\BOOKMARK [1][-]{section.3.2}{3.2 RepresentaciÌ™∏Ì∏Å‚¥∂5Ì™êÌ¥Å‚¥≤4os.}{chapter.3}% 17
\BOOKMARK [0][-]{chapter*.6}{CONCLUSIONES}{}% 18
\BOOKMARK [0][-]{chapter*.7}{RECOMENDACIONES}{}% 19
\BOOKMARK [0][-]{chapter*.8}{BIBLIOGRAFÕÅ}{}% 20
