\BOOKMARK [0][-]{chapter.1}{1 CONCEPTOS PRELIMINARES}{}% 1
\BOOKMARK [1][-]{section.1.1}{1.1 Antecedentes}{chapter.1}% 2
\BOOKMARK [1][-]{section.1.2}{1.2 Teor\355a de grupos}{chapter.1}% 3
\BOOKMARK [2][-]{subsection.1.2.1}{1.2.1 Homomorfismos y grupos cocientes}{section.1.2}% 4
\BOOKMARK [2][-]{subsection.1.2.2}{1.2.2 Productos directos}{section.1.2}% 5
\BOOKMARK [2][-]{subsection.1.2.3}{1.2.3 Grupos Abelianos}{section.1.2}% 6
\BOOKMARK [2][-]{subsection.1.2.4}{1.2.4 Grupos hamiltonianos}{section.1.2}% 7
\BOOKMARK [1][-]{section.1.3}{1.3 Anillos, M\363dulos y \301lgebras}{chapter.1}% 8
\BOOKMARK [2][-]{subsection.1.3.1}{1.3.1 Anillos}{section.1.3}% 9
\BOOKMARK [2][-]{subsection.1.3.2}{1.3.2 M\363dulos y \341lgebras}{section.1.3}% 10
\BOOKMARK [2][-]{subsection.1.3.3}{1.3.3 M\363dulos libres}{section.1.3}% 11
\BOOKMARK [2][-]{subsection.1.3.4}{1.3.4 Semisimplicidad}{section.1.3}% 12
\BOOKMARK [2][-]{subsection.1.3.5}{1.3.5 El teorema de Wedderburn-Artin}{section.1.3}% 13
\BOOKMARK [0][-]{chapter.2}{2 \040GRUPO-ANILLOS}{}% 14
\BOOKMARK [1][-]{section.2.1}{2.1 \040Hechos B\341sicos De Los Grupo-Anillos}{chapter.2}% 15
\BOOKMARK [1][-]{section.2.2}{2.2 Ideales de aumento}{chapter.2}% 16
\BOOKMARK [1][-]{section.2.3}{2.3 Semisimplicidad}{chapter.2}% 17
\BOOKMARK [1][-]{section.2.4}{2.4 Grupo-Algebras de grupos abelianos}{chapter.2}% 18
\BOOKMARK [0][-]{chapter.3}{3 TEOR\315A DE REPRESENTACI\323N DE GRUPOS}{}% 19
\BOOKMARK [1][-]{section.3.1}{3.1 Definici\363n y Ejemplos}{chapter.3}% 20
\BOOKMARK [1][-]{section.3.2}{3.2 \040Representaci\363n y M\363dulos.}{chapter.3}% 21
\BOOKMARK [0][-]{chapter.4}{4 \040 ELEMENTOS ALGEBRAICOS}{}% 22
\BOOKMARK [1][-]{section.4.1}{4.1 \040Generalidades y definiciones}{chapter.4}% 23
\BOOKMARK [1][-]{section.4.2}{4.2 \040Elementos Idempotentes}{chapter.4}% 24
\BOOKMARK [1][-]{section.4.3}{4.3 \040Unidades de Torsi\363n}{chapter.4}% 25
\BOOKMARK [1][-]{section.4.4}{4.4 \040Elementos nilpotentes}{chapter.4}% 26
\BOOKMARK [0][-]{chapter.5}{5 UNIDADES DE LOS GRUPO-ANILLOS}{}% 27
\BOOKMARK [1][-]{section.5.1}{5.1 \040Algunas formas de construir unidades}{chapter.5}% 28
\BOOKMARK [1][-]{section.5.2}{5.2 \040Unidades Triviales}{chapter.5}% 29
\BOOKMARK [0][-]{chapter.6}{6 APLICACIONES}{}% 30
\BOOKMARK [1][-]{section.6.1}{6.1 \040Sistema de Comunicaci\363n}{chapter.6}% 31
\BOOKMARK [1][-]{section.6.2}{6.2 \040C\363digos C\355clicos}{chapter.6}% 32
\BOOKMARK [0][-]{chapter*.9}{CONCLUSIONES}{}% 33
\BOOKMARK [0][-]{chapter*.10}{RECOMENDACIONES}{}% 34
\BOOKMARK [0][-]{chapter*.11}{BIBLIOGRAF\315A}{}% 35
